c:\users\andreea\source\repos\a6-cheresandreea-1\x64\debug\vc143.pdb
c:\users\andreea\source\repos\a6-cheresandreea-1\x64\debug\vc143.idb
c:\users\andreea\source\repos\a6-cheresandreea-1\x64\debug\ui.obj
c:\users\andreea\source\repos\a6-cheresandreea-1\x64\debug\tests.obj
c:\users\andreea\source\repos\a6-cheresandreea-1\x64\debug\start.obj
c:\users\andreea\source\repos\a6-cheresandreea-1\x64\debug\service.obj
c:\users\andreea\source\repos\a6-cheresandreea-1\x64\debug\repo.obj
c:\users\andreea\source\repos\a6-cheresandreea-1\x64\debug\dynamicvector.obj
c:\users\andreea\source\repos\a6-cheresandreea-1\x64\debug\dog.obj
c:\users\andreea\source\repos\a6-cheresandreea-1\x64\debug\vector.obj
c:\users\andreea\source\repos\a6-cheresandreea-1\x64\debug\dynamicarray.obj
c:\users\andreea\source\repos\a6-cheresandreea-1\x64\debug\pet.obj
c:\users\andreea\source\repos\a6-cheresandreea-1\x64\debug\a45.ilk
c:\users\andreea\source\repos\a6-cheresandreea-1\x64\debug\a6.ilk
c:\users\andreea\source\repos\a6-cheresandreea-1\x64\debug\a45.pdb
c:\users\andreea\source\repos\a6-cheresandreea-1\x64\debug\a6.pdb
c:\users\andreea\source\repos\a6-cheresandreea-1\x64\debug\a6.exe
c:\users\andreea\source\repos\a6-cheresandreea-1\x64\debug\a6.tlog\cl.command.1.tlog
c:\users\andreea\source\repos\a6-cheresandreea-1\x64\debug\a6.tlog\cl.read.1.tlog
c:\users\andreea\source\repos\a6-cheresandreea-1\x64\debug\a6.tlog\cl.write.1.tlog
c:\users\andreea\source\repos\a6-cheresandreea-1\x64\debug\a6.tlog\link.command.1.tlog
c:\users\andreea\source\repos\a6-cheresandreea-1\x64\debug\a6.tlog\link.read.1.tlog
c:\users\andreea\source\repos\a6-cheresandreea-1\x64\debug\a6.tlog\link.write.1.tlog
