[2023-05-15 13:04:52] [info] Start Program:
Path:"C:\Users\Andreea\source\repos\a6-cheresandreea-1\x64\Debug\AA.exe"
Arguments:
Working directory: "C:\Users\Andreea\source\repos\a6-cheresandreea-1\"
Modules: Selected: C:\Users\Andreea\source\repos\a6-cheresandreea-1\x64\Debug\AA.exe Excluded: 
Sources: Selected: C:\Users\Andreea\source\repos\a6-cheresandreea-1 Excluded: 
Log Level: Normal
Cover Children: 0
Aggregate by file: 1
Continue after C++ exception: 0
Optimized build support: 0
Export: Binary C:\Users\Andreea\AppData\Local\Temp\bn0sa5la.43j 
Input coverage: 
Unified diff: 
Excluded line regular expressions: 
Substitute pdb source paths: 

[2023-05-15 13:04:52] [info] Module: C:\Users\Andreea\source\repos\a6-cheresandreea-1\x64\Debug\AA.exe is selected because it matches selected pattern: C:\Users\Andreea\source\repos\a6-cheresandreea-1\x64\Debug\AA.exe
[2023-05-15 13:04:52] [info] ----------------------------------------------------
[2023-05-15 13:04:52] [info] Coverage binary generated in file: C:\Users\Andreea\AppData\Local\Temp\bn0sa5la.43j
[2023-05-15 13:04:52] [info] ----------------------------------------------------
